d:\work\vcproject\csdncapture\src\release\screenrecv.pch
d:\work\vcproject\csdncapture\src\release\vc142.pdb
d:\work\vcproject\csdncapture\src\release\stdafx.obj
d:\work\vcproject\csdncapture\src\release\videodisplaywnd.obj
d:\work\vcproject\csdncapture\src\release\selectcapturedevicedlg.obj
d:\work\vcproject\csdncapture\src\release\pprofile.obj
d:\work\vcproject\csdncapture\src\release\nsplayer.obj
d:\work\vcproject\csdncapture\src\release\mainfrm.obj
d:\work\vcproject\csdncapture\src\release\imagepainter.obj
d:\work\vcproject\csdncapture\src\release\childview.obj
d:\work\vcproject\csdncapture\src\release\avoutputstream.obj
d:\work\vcproject\csdncapture\src\release\avinputstream.obj
d:\work\vcproject\csdncapture\src\release\nsplayer.res
d:\work\vcproject\csdncapture\src\release\avcapturestream.tlog\cl.command.1.tlog
d:\work\vcproject\csdncapture\src\release\avcapturestream.tlog\cl.read.1.tlog
d:\work\vcproject\csdncapture\src\release\avcapturestream.tlog\cl.write.1.tlog
d:\work\vcproject\csdncapture\src\release\avcapturestream.tlog\link.command.1.tlog
d:\work\vcproject\csdncapture\src\release\avcapturestream.tlog\link.read.1.tlog
d:\work\vcproject\csdncapture\src\release\avcapturestream.tlog\link.write.1.tlog
d:\work\vcproject\csdncapture\src\release\avcapturestream.tlog\rc.command.1.tlog
d:\work\vcproject\csdncapture\src\release\avcapturestream.tlog\rc.read.1.tlog
d:\work\vcproject\csdncapture\src\release\avcapturestream.tlog\rc.write.1.tlog
